#
# A fatal error has been detected by the Java Runtime Environment:
#
#  SIGSEGV (0xb) at pc=0x000000010a9a5d98, pid=20239, tid=775
#
# JRE version: Java(TM) SE Runtime Environment (8.0_31-b13) (build 1.8.0_31-b13)
# Java VM: Java HotSpot(TM) 64-Bit Server VM (25.31-b07 mixed mode bsd-amd64 compressed oops)
# Problematic frame:
# C  [Scintilla+0x2d98]  _ZN9Scintilla11SurfaceImpl10InitPixMapEiiPNS_7SurfaceEPv+0x190
#
# Failed to write core dump. Core dumps have been disabled. To enable core dumping, try "ulimit -c unlimited" before starting Java again
#
# If you would like to submit a bug report, please visit:
#   http://bugreport.java.com/bugreport/crash.jsp
# The crash happened outside the Java Virtual Machine in native code.
# See problematic frame for where to report the bug.
#

---------------  T H R E A D  ---------------

Current thread (0x00007fdb2f985000):  JavaThread "main" [_thread_in_native, id=775, stack(0x00007ffee679e000,0x00007ffee6f9e000)]

siginfo: si_signo: 11 (SIGSEGV), si_code: 1 (SEGV_MAPERR), si_addr: 0x0000000000000008

Registers:
RAX=0x00007fff8666ca20, RBX=0x00006000033b0a80, RCX=0x0000600001c714c8, RDX=0x00007ffee6f97b08
RSP=0x00007ffee6f97c30, RBP=0x00007ffee6f97ce0, RSI=0x0000000000000000, RDI=0x0000600001c71440
R8 =0x0000000000202a3b, R9 =0xffffffff00000000, R10=0x0000600001c714c0, R11=0x0000000000000000
R12=0x00000000000003e1, R13=0x0000600000d64a20, R14=0x0000000000000000, R15=0x000000000000028b
RIP=0x000000010a9a5d98, EFLAGS=0x0000000000010206, ERR=0x0000000000000004
  TRAPNO=0x000000000000000e

Top of Stack: (sp=0x00007ffee6f97c30)
0x00007ffee6f97c30:   0000000000000000 0000000000000000
0x00007ffee6f97c40:   408f080000000000 4084580000000000
0x00007ffee6f97c50:   00007ffee6f97c80 4084580000000000
0x00007ffee6f97c60:   408f080000000000 0000000000000000
0x00007ffee6f97c70:   0000000000000000 0000000000000000
0x00007ffee6f97c80:   408f080000000000 4084580000000000
0x00007ffee6f97c90:   0000000000000000 0000000000000000
0x00007ffee6f97ca0:   408f080000000000 4084580000000000
0x00007ffee6f97cb0:   000000010aa39d90 0000000000000081
0x00007ffee6f97cc0:   00006000033b0a80 00007fdb2f48f000
0x00007ffee6f97cd0:   0000000000000000 00006000033b1c40
0x00007ffee6f97ce0:   00007ffee6f97e60 000000010a9ae78f
0x00007ffee6f97cf0:   0000000000000016 0000000000000000
0x00007ffee6f97d00:   00007fdb2f490681 00007fdb2f490680
0x00007ffee6f97d10:   0000000000000000 00007fdb2e4c1d10
0x00007ffee6f97d20:   3f80000000000000 3f8000003f800000
0x00007ffee6f97d30:   42a8000043c72d40 0000000000000000
0x00007ffee6f97d40:   428c00003f800000 42a8000043c72d40
0x00007ffee6f97d50:   000000003f800000 0000000000000000
0x00007ffee6f97d60:   4422c00044788000 0000000000000000
0x00007ffee6f97d70:   0000000000000000 0000000000000001
0x00007ffee6f97d80:   000000000000fde9 0000000000000001
0x00007ffee6f97d90:   00007ffee6f97e60 000000010a9df3c1
0x00007ffee6f97da0:   00007fff63bb5000 00007fdb2f48f250
0x00007ffee6f97db0:   3ff0000000000000 4051800000000000
0x00007ffee6f97dc0:   4078d5a800000000 402c000000000000
0x00007ffee6f97dd0:   428c00003f800000 42a8000043c72d40
0x00007ffee6f97de0:   0000000000000041 000000000000003f
0x00007ffee6f97df0:   00006000033a86c0 0000fde902be0000
0x00007ffee6f97e00:   0000000000000001 000000000000003f
0x00007ffee6f97e10:   00006000033a8000 402c000000000000
0x00007ffee6f97e20:   000000000000007c 00007fdb2f48f000 

Instructions: (pc=0x000000010a9a5d98)
0x000000010a9a5d78:   18 48 8b 45 a0 48 89 44 24 10 48 8b 45 90 48 8b
0x000000010a9a5d88:   4d 98 48 89 4c 24 08 48 89 04 24 e8 bc 55 06 00
0x000000010a9a5d98:   41 8a 46 08 88 43 08 41 8b 46 28 89 43 28 48 81
0x000000010a9a5da8:   c4 88 00 00 00 5b 41 5c 41 5d 41 5e 41 5f 5d c3 

Register to memory mapping:

RAX=0x00007fff8666ca20: _CGSDebugOptionFlags_+0 in /System/Library/Frameworks/CoreGraphics.framework/Versions/A/CoreGraphics at 0x00007fff2dc89000
RBX=0x00006000033b0a80 is an unknown value
RCX=0x0000600001c714c8 is an unknown value
RDX=0x00007ffee6f97b08 is pointing into the stack for thread: 0x00007fdb2f985000
RSP=0x00007ffee6f97c30 is pointing into the stack for thread: 0x00007fdb2f985000
RBP=0x00007ffee6f97ce0 is pointing into the stack for thread: 0x00007fdb2f985000
RSI=0x0000000000000000 is an unknown value
RDI=0x0000600001c71440 is an unknown value
R8 =0x0000000000202a3b is an unknown value
R9 =0xffffffff00000000 is an unknown value
R10=0x0000600001c714c0 is an unknown value
R11=0x0000000000000000 is an unknown value
R12=0x00000000000003e1 is an unknown value
R13=0x0000600000d64a20 is an unknown value
R14=0x0000000000000000 is an unknown value
R15=0x000000000000028b is an unknown value


Stack: [0x00007ffee679e000,0x00007ffee6f9e000],  sp=0x00007ffee6f97c30,  free space=8167k
Native frames: (J=compiled Java code, j=interpreted, Vv=VM code, C=native code)
C  [Scintilla+0x2d98]  _ZN9Scintilla11SurfaceImpl10InitPixMapEiiPNS_7SurfaceEPv+0x190
C  [Scintilla+0xb78f]  _ZN9Scintilla14ScintillaCocoa9StartDragEv+0x511
C  [Scintilla+0x47703]  _ZN9Scintilla6Editor23ButtonMoveWithModifiersENS_5PointEi+0x149
C  [AppKit+0x1e8b98]  -[NSWindow(NSEventRouting) _reallySendEvent:isDelayedEvent:]+0x1970
C  [AppKit+0x1e7005]  -[NSWindow(NSEventRouting) sendEvent:]+0x15d
C  [AppKit+0x1e537c]  -[NSApplication(NSEvent) sendEvent:]+0x160
C  [StataSE+0x1a86d]
C  [StataSE+0x1a994]
C  [StataSE+0x1ad36]
C  [StataSE+0xbb6b5]
C  [StataSE+0x509d19]
C  [StataSE+0x509813]
C  [StataSE+0x369599]
C  [StataSE+0x540c46]
C  [StataSE+0x1df4]
C  0x0000000000000001


---------------  P R O C E S S  ---------------

Java Threads: ( => current thread )
  0x00007fdb2ff60000 JavaThread "Service Thread" daemon [_thread_blocked, id=93191, stack(0x0000700001f3f000,0x000070000213f000)]
  0x00007fdb2ff93800 JavaThread "C1 CompilerThread2" daemon [_thread_blocked, id=124935, stack(0x0000700001e3c000,0x0000700001f3c000)]
  0x00007fdb2f4e3000 JavaThread "C2 CompilerThread1" daemon [_thread_blocked, id=124199, stack(0x0000700001d39000,0x0000700001e39000)]
  0x00007fdb2f468000 JavaThread "C2 CompilerThread0" daemon [_thread_blocked, id=129319, stack(0x0000700001c36000,0x0000700001d36000)]
  0x00007fdb2f860000 JavaThread "Signal Dispatcher" daemon [_thread_blocked, id=94807, stack(0x0000700001a33000,0x0000700001c33000)]
  0x00007fdb2f858000 JavaThread "Surrogate Locker Thread (Concurrent GC)" daemon [_thread_blocked, id=129835, stack(0x0000700001830000,0x0000700001a30000)]
  0x00007fdb2f6b8000 JavaThread "Finalizer" daemon [_thread_blocked, id=127295, stack(0x000070000162d000,0x000070000182d000)]
  0x00007fdb2f6b7000 JavaThread "Reference Handler" daemon [_thread_blocked, id=123875, stack(0x000070000142a000,0x000070000162a000)]
=>0x00007fdb2f985000 JavaThread "main" [_thread_in_native, id=775, stack(0x00007ffee679e000,0x00007ffee6f9e000)]

Other Threads:
  0x00007fdb2f280800 VMThread [stack: 0x0000700001327000,0x0000700001427000] [id=59939]
  0x00007fdb2f959000 WatcherThread [stack: 0x0000700002142000,0x0000700002242000] [id=125191]

VM state:not at safepoint (normal execution)

VM Mutex/Monitor currently owned by a thread: None

Heap:
 par new generation   total 4928K, used 4416K [0x00000007a8000000, 0x00000007a8550000, 0x00000007b0000000)
  eden space 4416K, 100% used [0x00000007a8000000, 0x00000007a8450000, 0x00000007a8450000)
  from space 512K,   0% used [0x00000007a8450000, 0x00000007a8450000, 0x00000007a84d0000)
  to   space 512K,   0% used [0x00000007a84d0000, 0x00000007a84d0000, 0x00000007a8550000)
 concurrent mark-sweep generation total 10944K, used 0K [0x00000007b0000000, 0x00000007b0ab0000, 0x00000007c0000000)
 Metaspace       used 3094K, capacity 4664K, committed 4864K, reserved 1056768K
  class space    used 330K, capacity 424K, committed 512K, reserved 1048576K

Card table byte_map: [0x0000000116441000,0x0000000116502000] byte_map_base: 0x0000000112701000

Marking Bits: (CMSBitMap*) 0x00007fdb2f66a948
 Bits: [0x0000000128f9a000, 0x000000012939a000)

Mod Union Table: (CMSBitMap*) 0x00007fdb2f66aa08
 Bits: [0x0000000114b50000, 0x0000000114b60000)

Polling page: 0x000000010f15b000

CodeCache: size=245760Kb used=1479Kb max_used=1496Kb free=244280Kb
 bounds [0x00000001198da000, 0x0000000119b4a000, 0x00000001288da000]
 total_blobs=396 nmethods=151 adapters=160
 compilation: enabled

Compilation events (10 events):
Event: 874.869 Thread 0x00007fdb2f468000 nmethod 144% 0x0000000119a40d50 code [0x0000000119a40f20, 0x0000000119a41570]
Event: 874.869 Thread 0x00007fdb2f468000  147   !   4       sun.misc.FloatingDecimal::readJavaFormatString (794 bytes)
Event: 874.886 Thread 0x00007fdb2f4e3000 nmethod 138 0x0000000119a495d0 code [0x0000000119a49800, 0x0000000119a4b170]
Event: 874.887 Thread 0x00007fdb2f4e3000  151       4       com.stata.csvparser.CSVParser::readLine_u (243 bytes)
Event: 874.905 Thread 0x00007fdb2f4e3000 nmethod 151 0x0000000119a43a10 code [0x0000000119a43c40, 0x0000000119a44e20]
Event: 874.905 Thread 0x00007fdb2f4e3000  143  s    4       java.lang.StringBuffer::toString (36 bytes)
Event: 874.910 Thread 0x00007fdb2f4e3000 nmethod 143 0x0000000119a430d0 code [0x0000000119a43240, 0x0000000119a437d8]
Event: 874.910 Thread 0x00007fdb2f4e3000  149   !   4       com.stata.csvparser.Tokenizer::hasMoreTokens (152 bytes)
Event: 874.912 Thread 0x00007fdb2f4e3000 nmethod 149 0x0000000119a45f90 code [0x0000000119a46100, 0x0000000119a46478]
Event: 874.915 Thread 0x00007fdb2f468000 nmethod 147 0x0000000119a4f5d0 code [0x0000000119a4f900, 0x0000000119a510d8]

GC Heap History (0 events):
No events

Deoptimization events (0 events):
No events

Internal exceptions (10 events):
Event: 0.271 Thread 0x00007fdb2f985000 Exception <a 'java/security/PrivilegedActionException'> (0x00000007a81003e0) thrown at [/Users/java_re/workspace/8-2-build-macosx-x86_64/jdk8u31/2394/hotspot/src/share/vm/prims/jvm.cpp, line 1312]
Event: 0.272 Thread 0x00007fdb2f985000 Exception <a 'java/security/PrivilegedActionException'> (0x00000007a8103700) thrown at [/Users/java_re/workspace/8-2-build-macosx-x86_64/jdk8u31/2394/hotspot/src/share/vm/prims/jvm.cpp, line 1312]
Event: 0.273 Thread 0x00007fdb2f985000 Exception <a 'java/security/PrivilegedActionException'> (0x00000007a8107208) thrown at [/Users/java_re/workspace/8-2-build-macosx-x86_64/jdk8u31/2394/hotspot/src/share/vm/prims/jvm.cpp, line 1312]
Event: 0.277 Thread 0x00007fdb2f985000 Exception <a 'java/security/PrivilegedActionException'> (0x00000007a810f730) thrown at [/Users/java_re/workspace/8-2-build-macosx-x86_64/jdk8u31/2394/hotspot/src/share/vm/prims/jvm.cpp, line 1312]
Event: 0.278 Thread 0x00007fdb2f985000 Exception <a 'java/security/PrivilegedActionException'> (0x00000007a81191d0) thrown at [/Users/java_re/workspace/8-2-build-macosx-x86_64/jdk8u31/2394/hotspot/src/share/vm/prims/jvm.cpp, line 1312]
Event: 0.279 Thread 0x00007fdb2f985000 Exception <a 'java/security/PrivilegedActionException'> (0x00000007a811d988) thrown at [/Users/java_re/workspace/8-2-build-macosx-x86_64/jdk8u31/2394/hotspot/src/share/vm/prims/jvm.cpp, line 1312]
Event: 0.281 Thread 0x00007fdb2f985000 Exception <a 'java/security/PrivilegedActionException'> (0x00000007a8125f98) thrown at [/Users/java_re/workspace/8-2-build-macosx-x86_64/jdk8u31/2394/hotspot/src/share/vm/prims/jvm.cpp, line 1312]
Event: 0.281 Thread 0x00007fdb2f985000 Exception <a 'java/security/PrivilegedActionException'> (0x00000007a812e908) thrown at [/Users/java_re/workspace/8-2-build-macosx-x86_64/jdk8u31/2394/hotspot/src/share/vm/prims/jvm.cpp, line 1312]
Event: 0.282 Thread 0x00007fdb2f985000 Exception <a 'java/security/PrivilegedActionException'> (0x00000007a8135090) thrown at [/Users/java_re/workspace/8-2-build-macosx-x86_64/jdk8u31/2394/hotspot/src/share/vm/prims/jvm.cpp, line 1312]
Event: 874.833 Thread 0x00007fdb2f985000 Exception <a 'java/security/PrivilegedActionException'> (0x00000007a8274a00) thrown at [/Users/java_re/workspace/8-2-build-macosx-x86_64/jdk8u31/2394/hotspot/src/share/vm/prims/jvm.cpp, line 1312]

Events (10 events):
Event: 0.287 loading class sun/misc/FloatingDecimal$ASCIIToBinaryConverter done
Event: 0.287 loading class sun/misc/FloatingDecimal$PreparedASCIIToBinaryBuffer done
Event: 4.259 Executing VM operation: EnableBiasedLocking
Event: 4.260 Executing VM operation: EnableBiasedLocking done
Event: 837.014 loading class sun/misc/FloatingDecimal$ASCIIToBinaryBuffer
Event: 837.016 loading class sun/misc/FloatingDecimal$ASCIIToBinaryBuffer done
Event: 874.833 loading class com/stata/StImportDelimited
Event: 874.833 loading class com/stata/StImportDelimited done
Event: 874.837 loading class java/io/UnsupportedEncodingException
Event: 874.837 loading class java/io/UnsupportedEncodingException done


Dynamic libraries:
0x0000000001cca000 	/System/Library/Frameworks/ApplicationServices.framework/Versions/A/ApplicationServices
0x0000000001cca000 	/System/Library/Frameworks/Cocoa.framework/Versions/A/Cocoa
0x0000000001cca000 	/System/Library/Frameworks/QuartzCore.framework/Versions/A/QuartzCore
0x0000000001cca000 	/System/Library/Frameworks/Security.framework/Versions/A/Security
0x0000000001cca000 	/System/Library/Frameworks/SecurityFoundation.framework/Versions/A/SecurityFoundation
0x0000000001cca000 	/System/Library/Frameworks/SystemConfiguration.framework/Versions/A/SystemConfiguration
0x000000010a9a3000 	/Applications/Stata/StataSE.app/Contents/Frameworks/Scintilla.framework/Versions/A/Scintilla
0x0000000001cca000 	/usr/lib/libstdc++.6.dylib
0x0000000001cca000 	/System/Library/Frameworks/Foundation.framework/Versions/C/Foundation
0x0000000001cca000 	/usr/lib/libobjc.A.dylib
0x0000000001cca000 	/usr/lib/libSystem.B.dylib
0x0000000001cca000 	/System/Library/Frameworks/AppKit.framework/Versions/C/AppKit
0x0000000001cca000 	/System/Library/Frameworks/CoreFoundation.framework/Versions/A/CoreFoundation
0x0000000001cca000 	/System/Library/Frameworks/CoreServices.framework/Versions/A/CoreServices
0x0000000001cca000 	/System/Library/Frameworks/CoreGraphics.framework/Versions/A/CoreGraphics
0x0000000001cca000 	/System/Library/Frameworks/CoreText.framework/Versions/A/CoreText
0x0000000001cca000 	/System/Library/Frameworks/ImageIO.framework/Versions/A/ImageIO
0x0000000001cca000 	/System/Library/Frameworks/ColorSync.framework/Versions/A/ColorSync
0x0000000001cca000 	/System/Library/Frameworks/ApplicationServices.framework/Versions/A/Frameworks/ATS.framework/Versions/A/ATS
0x0000000001cca000 	/System/Library/Frameworks/ApplicationServices.framework/Versions/A/Frameworks/ColorSyncLegacy.framework/Versions/A/ColorSyncLegacy
0x0000000001cca000 	/System/Library/Frameworks/ApplicationServices.framework/Versions/A/Frameworks/HIServices.framework/Versions/A/HIServices
0x0000000001cca000 	/System/Library/Frameworks/ApplicationServices.framework/Versions/A/Frameworks/LangAnalysis.framework/Versions/A/LangAnalysis
0x0000000001cca000 	/System/Library/Frameworks/ApplicationServices.framework/Versions/A/Frameworks/PrintCore.framework/Versions/A/PrintCore
0x0000000001cca000 	/System/Library/Frameworks/ApplicationServices.framework/Versions/A/Frameworks/QD.framework/Versions/A/QD
0x0000000001cca000 	/System/Library/Frameworks/ApplicationServices.framework/Versions/A/Frameworks/SpeechSynthesis.framework/Versions/A/SpeechSynthesis
0x0000000001cca000 	/System/Library/PrivateFrameworks/SkyLight.framework/Versions/A/SkyLight
0x0000000001cca000 	/System/Library/PrivateFrameworks/FontServices.framework/libFontParser.dylib
0x0000000001cca000 	/System/Library/Frameworks/Accelerate.framework/Versions/A/Accelerate
0x0000000001cca000 	/System/Library/Frameworks/IOSurface.framework/Versions/A/IOSurface
0x0000000001cca000 	/usr/lib/libxml2.2.dylib
0x0000000001cca000 	/System/Library/Frameworks/CFNetwork.framework/Versions/A/CFNetwork
0x0000000001cca000 	/usr/lib/libz.1.dylib
0x0000000001cca000 	/usr/lib/libc++.1.dylib
0x0000000001cca000 	/System/Library/PrivateFrameworks/WatchdogClient.framework/Versions/A/WatchdogClient
0x0000000001cca000 	/usr/lib/libcompression.dylib
0x0000000001cca000 	/usr/lib/libDiagnosticMessagesClient.dylib
0x0000000001cca000 	/System/Library/Frameworks/CoreDisplay.framework/Versions/A/CoreDisplay
0x0000000001cca000 	/System/Library/PrivateFrameworks/IOAccelerator.framework/Versions/A/IOAccelerator
0x0000000001cca000 	/System/Library/Frameworks/IOKit.framework/Versions/A/IOKit
0x0000000001cca000 	/System/Library/Frameworks/Metal.framework/Versions/A/Metal
0x0000000001cca000 	/System/Library/Frameworks/MetalPerformanceShaders.framework/Versions/A/MetalPerformanceShaders
0x0000000001cca000 	/System/Library/PrivateFrameworks/MultitouchSupport.framework/Versions/A/MultitouchSupport
0x0000000001cca000 	/usr/lib/libbsm.0.dylib
0x0000000001cca000 	/usr/lib/system/libcache.dylib
0x0000000001cca000 	/usr/lib/system/libcommonCrypto.dylib
0x0000000001cca000 	/usr/lib/system/libcompiler_rt.dylib
0x0000000001cca000 	/usr/lib/system/libcopyfile.dylib
0x0000000001cca000 	/usr/lib/system/libcorecrypto.dylib
0x0000000001cca000 	/usr/lib/system/libdispatch.dylib
0x0000000001cca000 	/usr/lib/system/libdyld.dylib
0x0000000001cca000 	/usr/lib/system/libkeymgr.dylib
0x0000000001cca000 	/usr/lib/system/liblaunch.dylib
0x0000000001cca000 	/usr/lib/system/libmacho.dylib
0x0000000001cca000 	/usr/lib/system/libquarantine.dylib
0x0000000001cca000 	/usr/lib/system/libremovefile.dylib
0x0000000001cca000 	/usr/lib/system/libsystem_asl.dylib
0x0000000001cca000 	/usr/lib/system/libsystem_blocks.dylib
0x0000000001cca000 	/usr/lib/system/libsystem_c.dylib
0x0000000001cca000 	/usr/lib/system/libsystem_configuration.dylib
0x0000000001cca000 	/usr/lib/system/libsystem_coreservices.dylib
0x0000000001cca000 	/usr/lib/system/libsystem_darwin.dylib
0x0000000001cca000 	/usr/lib/system/libsystem_dnssd.dylib
0x0000000001cca000 	/usr/lib/system/libsystem_featureflags.dylib
0x0000000001cca000 	/usr/lib/system/libsystem_info.dylib
0x0000000001cca000 	/usr/lib/system/libsystem_m.dylib
0x0000000001cca000 	/usr/lib/system/libsystem_malloc.dylib
0x0000000001cca000 	/usr/lib/system/libsystem_networkextension.dylib
0x0000000001cca000 	/usr/lib/system/libsystem_notify.dylib
0x0000000001cca000 	/usr/lib/system/libsystem_sandbox.dylib
0x0000000001cca000 	/usr/lib/system/libsystem_secinit.dylib
0x0000000001cca000 	/usr/lib/system/libsystem_kernel.dylib
0x0000000001cca000 	/usr/lib/system/libsystem_platform.dylib
0x0000000001cca000 	/usr/lib/system/libsystem_pthread.dylib
0x0000000001cca000 	/usr/lib/system/libsystem_symptoms.dylib
0x0000000001cca000 	/usr/lib/system/libsystem_trace.dylib
0x0000000001cca000 	/usr/lib/system/libunwind.dylib
0x0000000001cca000 	/usr/lib/system/libxpc.dylib
0x0000000001cca000 	/usr/lib/libc++abi.dylib
0x0000000001cca000 	/usr/lib/liblzma.5.dylib
0x0000000001cca000 	/usr/lib/libauto.dylib
0x0000000001cca000 	/usr/lib/libfakelink.dylib
0x0000000001cca000 	/System/Library/Frameworks/DiskArbitration.framework/Versions/A/DiskArbitration
0x0000000001cca000 	/usr/lib/libarchive.2.dylib
0x0000000001cca000 	/usr/lib/libicucore.A.dylib
0x0000000001cca000 	/usr/lib/liblangid.dylib
0x0000000001cca000 	/usr/lib/libCRFSuite.dylib
0x0000000001cca000 	/usr/lib/libenergytrace.dylib
0x0000000001cca000 	/usr/lib/system/libkxld.dylib
0x0000000001cca000 	/System/Library/PrivateFrameworks/AppleFSCompression.framework/Versions/A/AppleFSCompression
0x0000000001cca000 	/usr/lib/libcoretls.dylib
0x0000000001cca000 	/usr/lib/libcoretls_cfhelpers.dylib
0x0000000001cca000 	/usr/lib/libpam.2.dylib
0x0000000001cca000 	/usr/lib/libsqlite3.dylib
0x0000000001cca000 	/usr/lib/libxar.1.dylib
0x0000000001cca000 	/usr/lib/libbz2.1.0.dylib
0x0000000001cca000 	/usr/lib/libiconv.2.dylib
0x0000000001cca000 	/usr/lib/libcharset.1.dylib
0x0000000001cca000 	/usr/lib/libnetwork.dylib
0x0000000001cca000 	/usr/lib/libpcap.A.dylib
0x0000000001cca000 	/usr/lib/libapple_nghttp2.dylib
0x0000000001cca000 	/System/Library/Frameworks/CoreServices.framework/Versions/A/Frameworks/FSEvents.framework/Versions/A/FSEvents
0x0000000001cca000 	/System/Library/Frameworks/CoreServices.framework/Versions/A/Frameworks/CarbonCore.framework/Versions/A/CarbonCore
0x0000000001cca000 	/System/Library/Frameworks/CoreServices.framework/Versions/A/Frameworks/Metadata.framework/Versions/A/Metadata
0x0000000001cca000 	/System/Library/Frameworks/CoreServices.framework/Versions/A/Frameworks/OSServices.framework/Versions/A/OSServices
0x0000000001cca000 	/System/Library/Frameworks/CoreServices.framework/Versions/A/Frameworks/SearchKit.framework/Versions/A/SearchKit
0x0000000001cca000 	/System/Library/Frameworks/CoreServices.framework/Versions/A/Frameworks/AE.framework/Versions/A/AE
0x0000000001cca000 	/System/Library/Frameworks/CoreServices.framework/Versions/A/Frameworks/LaunchServices.framework/Versions/A/LaunchServices
0x0000000001cca000 	/System/Library/Frameworks/CoreServices.framework/Versions/A/Frameworks/DictionaryServices.framework/Versions/A/DictionaryServices
0x0000000001cca000 	/System/Library/Frameworks/CoreServices.framework/Versions/A/Frameworks/SharedFileList.framework/Versions/A/SharedFileList
0x0000000001cca000 	/System/Library/Frameworks/NetFS.framework/Versions/A/NetFS
0x0000000001cca000 	/System/Library/PrivateFrameworks/NetAuth.framework/Versions/A/NetAuth
0x0000000001cca000 	/System/Library/PrivateFrameworks/login.framework/Versions/A/Frameworks/loginsupport.framework/Versions/A/loginsupport
0x0000000001cca000 	/System/Library/PrivateFrameworks/TCC.framework/Versions/A/TCC
0x0000000001cca000 	/System/Library/PrivateFrameworks/CoreNLP.framework/Versions/A/CoreNLP
0x0000000001cca000 	/System/Library/PrivateFrameworks/MetadataUtilities.framework/Versions/A/MetadataUtilities
0x0000000001cca000 	/usr/lib/libmecabra.dylib
0x0000000001cca000 	/usr/lib/libmecab.dylib
0x0000000001cca000 	/usr/lib/libgermantok.dylib
0x0000000001cca000 	/usr/lib/libThaiTokenizer.dylib
0x0000000001cca000 	/usr/lib/libChineseTokenizer.dylib
0x0000000001cca000 	/System/Library/Frameworks/Accelerate.framework/Versions/A/Frameworks/vImage.framework/Versions/A/vImage
0x0000000001cca000 	/System/Library/Frameworks/Accelerate.framework/Versions/A/Frameworks/vecLib.framework/Versions/A/vecLib
0x0000000001cca000 	/System/Library/Frameworks/Accelerate.framework/Versions/A/Frameworks/vecLib.framework/Versions/A/libvMisc.dylib
0x0000000001cca000 	/System/Library/Frameworks/Accelerate.framework/Versions/A/Frameworks/vecLib.framework/Versions/A/libvDSP.dylib
0x0000000001cca000 	/System/Library/Frameworks/Accelerate.framework/Versions/A/Frameworks/vecLib.framework/Versions/A/libBLAS.dylib
0x0000000001cca000 	/System/Library/Frameworks/Accelerate.framework/Versions/A/Frameworks/vecLib.framework/Versions/A/libLAPACK.dylib
0x0000000001cca000 	/System/Library/Frameworks/Accelerate.framework/Versions/A/Frameworks/vecLib.framework/Versions/A/libLinearAlgebra.dylib
0x0000000001cca000 	/System/Library/Frameworks/Accelerate.framework/Versions/A/Frameworks/vecLib.framework/Versions/A/libSparseBLAS.dylib
0x0000000001cca000 	/System/Library/Frameworks/Accelerate.framework/Versions/A/Frameworks/vecLib.framework/Versions/A/libQuadrature.dylib
0x0000000001cca000 	/System/Library/Frameworks/Accelerate.framework/Versions/A/Frameworks/vecLib.framework/Versions/A/libBNNS.dylib
0x0000000001cca000 	/System/Library/Frameworks/Accelerate.framework/Versions/A/Frameworks/vecLib.framework/Versions/A/libSparse.dylib
0x0000000001cca000 	/System/Library/PrivateFrameworks/LanguageModeling.framework/Versions/A/LanguageModeling
0x0000000001cca000 	/System/Library/PrivateFrameworks/CoreEmoji.framework/Versions/A/CoreEmoji
0x0000000001cca000 	/System/Library/PrivateFrameworks/LinguisticData.framework/Versions/A/LinguisticData
0x0000000001cca000 	/System/Library/PrivateFrameworks/Lexicon.framework/Versions/A/Lexicon
0x0000000001cca000 	/usr/lib/libcmph.dylib
0x0000000001cca000 	/System/Library/Frameworks/OpenDirectory.framework/Versions/A/Frameworks/CFOpenDirectory.framework/Versions/A/CFOpenDirectory
0x0000000001cca000 	/System/Library/Frameworks/OpenDirectory.framework/Versions/A/OpenDirectory
0x0000000001cca000 	/System/Library/PrivateFrameworks/APFS.framework/Versions/A/APFS
0x0000000001cca000 	/usr/lib/libutil.dylib
0x0000000001cca000 	/System/Library/PrivateFrameworks/CoreServicesStore.framework/Versions/A/CoreServicesStore
0x0000000001cca000 	/System/Library/Frameworks/ServiceManagement.framework/Versions/A/ServiceManagement
0x0000000001cca000 	/System/Library/PrivateFrameworks/BackgroundTaskManagement.framework/Versions/A/BackgroundTaskManagement
0x0000000001cca000 	/usr/lib/libxslt.1.dylib
0x0000000001cca000 	/System/Library/PrivateFrameworks/GPUWrangler.framework/Versions/A/GPUWrangler
0x0000000001cca000 	/System/Library/PrivateFrameworks/IOPresentment.framework/Versions/A/IOPresentment
0x0000000001cca000 	/System/Library/PrivateFrameworks/DSExternalDisplay.framework/Versions/A/DSExternalDisplay
0x0000000001cca000 	/System/Library/Frameworks/OpenGL.framework/Versions/A/Libraries/libCoreFSCache.dylib
0x0000000001cca000 	/System/Library/Frameworks/MetalPerformanceShaders.framework/Frameworks/MPSCore.framework/Versions/A/MPSCore
0x0000000001cca000 	/System/Library/Frameworks/MetalPerformanceShaders.framework/Frameworks/MPSImage.framework/Versions/A/MPSImage
0x0000000001cca000 	/System/Library/Frameworks/MetalPerformanceShaders.framework/Frameworks/MPSNeuralNetwork.framework/Versions/A/MPSNeuralNetwork
0x0000000001cca000 	/System/Library/Frameworks/MetalPerformanceShaders.framework/Frameworks/MPSMatrix.framework/Versions/A/MPSMatrix
0x0000000001cca000 	/System/Library/Frameworks/MetalPerformanceShaders.framework/Frameworks/MPSRayIntersector.framework/Versions/A/MPSRayIntersector
0x0000000001cca000 	/System/Library/Frameworks/MetalPerformanceShaders.framework/Frameworks/MPSNDArray.framework/Versions/A/MPSNDArray
0x0000000001cca000 	/System/Library/PrivateFrameworks/MetalTools.framework/Versions/A/MetalTools
0x0000000001cca000 	/System/Library/PrivateFrameworks/AggregateDictionary.framework/Versions/A/AggregateDictionary
0x0000000001cca000 	/System/Library/PrivateFrameworks/CoreAnalytics.framework/Versions/A/CoreAnalytics
0x0000000001cca000 	/System/Library/PrivateFrameworks/AppleSauce.framework/Versions/A/AppleSauce
0x0000000001cca000 	/usr/lib/libMobileGestalt.dylib
0x0000000001cca000 	/System/Library/PrivateFrameworks/AppleSystemInfo.framework/Versions/A/AppleSystemInfo
0x0000000001cca000 	/usr/lib/libIOReport.dylib
0x0000000001cca000 	/System/Library/Frameworks/CoreImage.framework/Versions/A/CoreImage
0x0000000001cca000 	/System/Library/Frameworks/CoreVideo.framework/Versions/A/CoreVideo
0x0000000001cca000 	/System/Library/Frameworks/OpenGL.framework/Versions/A/OpenGL
0x0000000001cca000 	/System/Library/PrivateFrameworks/GraphVisualizer.framework/Versions/A/GraphVisualizer
0x0000000001cca000 	/System/Library/PrivateFrameworks/FaceCore.framework/Versions/A/FaceCore
0x0000000001cca000 	/System/Library/Frameworks/OpenCL.framework/Versions/A/OpenCL
0x0000000001cca000 	/usr/lib/libFosl_dynamic.dylib
0x0000000001cca000 	/System/Library/PrivateFrameworks/OTSVG.framework/Versions/A/OTSVG
0x0000000001cca000 	/System/Library/Frameworks/ApplicationServices.framework/Versions/A/Frameworks/ATS.framework/Versions/A/Resources/libFontRegistry.dylib
0x0000000001cca000 	/usr/lib/libate.dylib
0x0000000001cca000 	/System/Library/Frameworks/ImageIO.framework/Versions/A/Resources/libJPEG.dylib
0x0000000001cca000 	/System/Library/Frameworks/ImageIO.framework/Versions/A/Resources/libTIFF.dylib
0x0000000001cca000 	/System/Library/Frameworks/ImageIO.framework/Versions/A/Resources/libPng.dylib
0x0000000001cca000 	/System/Library/Frameworks/ImageIO.framework/Versions/A/Resources/libGIF.dylib
0x0000000001cca000 	/System/Library/Frameworks/ImageIO.framework/Versions/A/Resources/libJP2.dylib
0x0000000001cca000 	/System/Library/Frameworks/ImageIO.framework/Versions/A/Resources/libRadiance.dylib
0x0000000001cca000 	/usr/lib/libexpat.1.dylib
0x0000000001cca000 	/System/Library/PrivateFrameworks/AppleJPEG.framework/Versions/A/AppleJPEG
0x0000000001cca000 	/System/Library/PrivateFrameworks/FontServices.framework/libhvf.dylib
0x0000000001cca000 	/System/Library/Frameworks/OpenGL.framework/Versions/A/Libraries/libGFXShared.dylib
0x0000000001cca000 	/System/Library/Frameworks/OpenGL.framework/Versions/A/Libraries/libGLU.dylib
0x0000000001cca000 	/System/Library/Frameworks/OpenGL.framework/Versions/A/Libraries/libGL.dylib
0x0000000001cca000 	/System/Library/Frameworks/OpenGL.framework/Versions/A/Libraries/libGLImage.dylib
0x0000000001cca000 	/System/Library/Frameworks/OpenGL.framework/Versions/A/Libraries/libCVMSPluginSupport.dylib
0x0000000001cca000 	/System/Library/Frameworks/OpenGL.framework/Versions/A/Libraries/libCoreVMClient.dylib
0x0000000001cca000 	/usr/lib/libncurses.5.4.dylib
0x0000000001cca000 	/System/Library/Frameworks/ApplicationServices.framework/Versions/A/Frameworks/ATSUI.framework/Versions/A/ATSUI
0x0000000001cca000 	/usr/lib/libcups.2.dylib
0x0000000001cca000 	/System/Library/Frameworks/Kerberos.framework/Versions/A/Kerberos
0x0000000001cca000 	/System/Library/Frameworks/GSS.framework/Versions/A/GSS
0x0000000001cca000 	/usr/lib/libresolv.9.dylib
0x0000000001cca000 	/System/Library/PrivateFrameworks/Heimdal.framework/Versions/A/Heimdal
0x0000000001cca000 	/System/Library/Frameworks/Kerberos.framework/Versions/A/Libraries/libHeimdalProxy.dylib
0x0000000001cca000 	/usr/lib/libheimdal-asn1.dylib
0x0000000001cca000 	/System/Library/PrivateFrameworks/CommonAuth.framework/Versions/A/CommonAuth
0x0000000001cca000 	/System/Library/Frameworks/CoreAudio.framework/Versions/A/CoreAudio
0x0000000001cca000 	/System/Library/Frameworks/AudioToolbox.framework/Versions/A/AudioToolbox
0x0000000001cca000 	/System/Library/PrivateFrameworks/AssertionServices.framework/Versions/A/AssertionServices
0x0000000001cca000 	/System/Library/PrivateFrameworks/AudioToolboxCore.framework/Versions/A/AudioToolboxCore
0x0000000001cca000 	/System/Library/PrivateFrameworks/caulk.framework/Versions/A/caulk
0x0000000001cca000 	/System/Library/PrivateFrameworks/BaseBoard.framework/Versions/A/BaseBoard
0x0000000001cca000 	/System/Library/PrivateFrameworks/RunningBoardServices.framework/Versions/A/RunningBoardServices
0x0000000001cca000 	/System/Library/PrivateFrameworks/PersistentConnection.framework/Versions/A/PersistentConnection
0x0000000001cca000 	/System/Library/PrivateFrameworks/ProtocolBuffer.framework/Versions/A/ProtocolBuffer
0x0000000001cca000 	/System/Library/PrivateFrameworks/CommonUtilities.framework/Versions/A/CommonUtilities
0x0000000001cca000 	/System/Library/PrivateFrameworks/Bom.framework/Versions/A/Bom
0x0000000001cca000 	/usr/lib/libAudioToolboxUtility.dylib
0x0000000001cca000 	/System/Library/Frameworks/CoreData.framework/Versions/A/CoreData
0x0000000001cca000 	/System/Library/PrivateFrameworks/UIFoundation.framework/Versions/A/UIFoundation
0x0000000001cca000 	/System/Library/PrivateFrameworks/RemoteViewServices.framework/Versions/A/RemoteViewServices
0x0000000001cca000 	/System/Library/PrivateFrameworks/XCTTargetBootstrap.framework/Versions/A/XCTTargetBootstrap
0x0000000001cca000 	/System/Library/PrivateFrameworks/DesktopServicesPriv.framework/Versions/A/DesktopServicesPriv
0x0000000001cca000 	/System/Library/PrivateFrameworks/CoreSVG.framework/Versions/A/CoreSVG
0x0000000001cca000 	/System/Library/PrivateFrameworks/IconServices.framework/Versions/A/IconServices
0x0000000001cca000 	/System/Library/PrivateFrameworks/DFRFoundation.framework/Versions/A/DFRFoundation
0x0000000001cca000 	/System/Library/Frameworks/AudioUnit.framework/Versions/A/AudioUnit
0x0000000001cca000 	/System/Library/PrivateFrameworks/DataDetectorsCore.framework/Versions/A/DataDetectorsCore
0x0000000001cca000 	/System/Library/Frameworks/Carbon.framework/Versions/A/Frameworks/HIToolbox.framework/Versions/A/HIToolbox
0x0000000001cca000 	/System/Library/Frameworks/Carbon.framework/Versions/A/Frameworks/SpeechRecognition.framework/Versions/A/SpeechRecognition
0x0000000001cca000 	/System/Library/PrivateFrameworks/CoreUI.framework/Versions/A/CoreUI
0x0000000001cca000 	/System/Library/PrivateFrameworks/PerformanceAnalysis.framework/Versions/A/PerformanceAnalysis
0x0000000001cca000 	/System/Library/PrivateFrameworks/TextureIO.framework/Versions/A/TextureIO
0x0000000001cca000 	/System/Library/PrivateFrameworks/InternationalSupport.framework/Versions/A/InternationalSupport
0x0000000001cca000 	/System/Library/PrivateFrameworks/Backup.framework/Versions/A/Backup
0x0000000001cca000 	/System/Library/PrivateFrameworks/CrashReporterSupport.framework/Versions/A/CrashReporterSupport
0x0000000001cca000 	/System/Library/PrivateFrameworks/Sharing.framework/Versions/A/Sharing
0x0000000001cca000 	/System/Library/PrivateFrameworks/Apple80211.framework/Versions/A/Apple80211
0x0000000001cca000 	/System/Library/PrivateFrameworks/AuthKit.framework/Versions/A/AuthKit
0x0000000001cca000 	/System/Library/PrivateFrameworks/CoreUtils.framework/Versions/A/CoreUtils
0x0000000001cca000 	/System/Library/Frameworks/CoreWLAN.framework/Versions/A/CoreWLAN
0x0000000001cca000 	/System/Library/Frameworks/IOBluetooth.framework/Versions/A/IOBluetooth
0x0000000001cca000 	/System/Library/PrivateFrameworks/MobileKeyBag.framework/Versions/A/MobileKeyBag
0x0000000001cca000 	/System/Library/PrivateFrameworks/CorePhoneNumbers.framework/Versions/A/CorePhoneNumbers
0x0000000001cca000 	/System/Library/PrivateFrameworks/AppleIDAuthSupport.framework/Versions/A/AppleIDAuthSupport
0x0000000001cca000 	/System/Library/Frameworks/Network.framework/Versions/A/Network
0x0000000001cca000 	/System/Library/PrivateFrameworks/KeychainCircle.framework/Versions/A/KeychainCircle
0x0000000001cca000 	/System/Library/Frameworks/CoreBluetooth.framework/Versions/A/CoreBluetooth
0x0000000001cca000 	/System/Library/PrivateFrameworks/SpeechRecognitionCore.framework/Versions/A/SpeechRecognitionCore
0x0000000001cca000 	/System/Library/PrivateFrameworks/CoreServicesInternal.framework/Versions/A/CoreServicesInternal
0x0000000001cca000 	/System/Library/Frameworks/FileProvider.framework/Versions/A/FileProvider
0x0000000001cca000 	/System/Library/Frameworks/Accounts.framework/Versions/A/Accounts
0x0000000001cca000 	/System/Library/PrivateFrameworks/GenerationalStorage.framework/Versions/A/GenerationalStorage
0x0000000001cca000 	/System/Library/PrivateFrameworks/CoreSymbolication.framework/Versions/A/CoreSymbolication
0x0000000001cca000 	/System/Library/PrivateFrameworks/SymptomDiagnosticReporter.framework/Versions/A/SymptomDiagnosticReporter
0x0000000001cca000 	/System/Library/PrivateFrameworks/AppContainer.framework/Versions/A/AppContainer
0x0000000001cca000 	/usr/lib/libsandbox.1.dylib
0x0000000001cca000 	/System/Library/PrivateFrameworks/UserManagement.framework/Versions/A/UserManagement
0x0000000001cca000 	/System/Library/PrivateFrameworks/ChunkingLibrary.framework/Versions/A/ChunkingLibrary
0x0000000001cca000 	/System/Library/PrivateFrameworks/DebugSymbols.framework/Versions/A/DebugSymbols
0x0000000001cca000 	/System/Library/PrivateFrameworks/AppSandbox.framework/Versions/A/AppSandbox
0x0000000001cca000 	/System/Library/PrivateFrameworks/SecCodeWrapper.framework/Versions/A/SecCodeWrapper
0x0000000001cca000 	/usr/lib/libMatch.1.dylib
0x0000000001cca000 	/System/Library/CoreServices/RawCamera.bundle/Contents/MacOS/RawCamera
0x0000000001cca000 	/System/Library/PrivateFrameworks/MobileAsset.framework/Versions/A/MobileAsset
0x0000000001cca000 	/System/Library/PrivateFrameworks/StreamingZip.framework/Versions/A/StreamingZip
0x0000000001cca000 	/System/Library/Frameworks/MediaToolbox.framework/Versions/A/MediaToolbox
0x0000000001cca000 	/System/Library/PrivateFrameworks/CoreAVCHD.framework/Versions/A/CoreAVCHD
0x0000000001cca000 	/System/Library/Frameworks/MediaAccessibility.framework/Versions/A/MediaAccessibility
0x0000000001cca000 	/System/Library/PrivateFrameworks/Mangrove.framework/Versions/A/Mangrove
0x0000000001cca000 	/System/Library/Frameworks/CoreMedia.framework/Versions/A/CoreMedia
0x0000000001cca000 	/System/Library/PrivateFrameworks/MediaExperience.framework/Versions/A/MediaExperience
0x0000000001cca000 	/System/Library/Frameworks/VideoToolbox.framework/Versions/A/VideoToolbox
0x0000000001cca000 	/System/Library/PrivateFrameworks/CoreAUC.framework/Versions/A/CoreAUC
0x0000000001cca000 	/usr/lib/libspindump.dylib
0x0000000001cca000 	/System/Library/PrivateFrameworks/AudioResourceArbitration.framework/Versions/A/AudioResourceArbitration
0x0000000001cca000 	/System/Library/PrivateFrameworks/AppleVA.framework/Versions/A/AppleVA
0x000000010b910000 	/usr/lib/libobjc-trampolines.dylib
0x0000000001cca000 	/System/Library/PrivateFrameworks/FontServices.framework/libTrueTypeScaler.dylib
0x0000000001cca000 	/System/Library/Frameworks/Accelerate.framework/Versions/A/Frameworks/vImage.framework/Versions/A/Libraries/libCGInterfaces.dylib
0x0000000001cca000 	/System/Library/PrivateFrameworks/ViewBridge.framework/Versions/A/ViewBridge
0x0000000001cca000 	/System/Library/Extensions/AppleIntelKBLGraphicsMTLDriver.bundle/Contents/MacOS/AppleIntelKBLGraphicsMTLDriver
0x0000000001cca000 	/System/Library/PrivateFrameworks/GPUCompiler.framework/Versions/3902/Libraries/libmetal_timestamp.dylib
0x0000000001cca000 	/System/Library/PrivateFrameworks/CloudDocs.framework/Versions/A/CloudDocs
0x0000000001cca000 	/System/Library/PrivateFrameworks/SpotlightIndex.framework/Versions/A/SpotlightIndex
0x0000000001cca000 	/System/Library/PrivateFrameworks/PowerLog.framework/Versions/A/PowerLog
0x0000000001cca000 	/System/Library/Frameworks/CloudKit.framework/Versions/A/CloudKit
0x0000000001cca000 	/System/Library/PrivateFrameworks/ApplePushService.framework/Versions/A/ApplePushService
0x0000000001cca000 	/System/Library/PrivateFrameworks/C2.framework/Versions/A/C2
0x0000000001cca000 	/System/Library/Frameworks/CoreLocation.framework/Versions/A/CoreLocation
0x0000000001cca000 	/System/Library/PrivateFrameworks/ProtectedCloudStorage.framework/Versions/A/ProtectedCloudStorage
0x0000000001cca000 	/System/Library/Frameworks/PushKit.framework/Versions/A/PushKit
0x0000000001cca000 	/System/Library/PrivateFrameworks/CoreDaemon.framework/Versions/B/CoreDaemon
0x0000000001cca000 	/System/Library/PrivateFrameworks/AppleSRP.framework/Versions/A/AppleSRP
0x0000000001cca000 	/System/Library/Frameworks/NetworkExtension.framework/Versions/A/NetworkExtension
0x0000000001cca000 	/usr/lib/libnetworkextension.dylib
0x0000000001cca000 	/System/Library/PrivateFrameworks/PlugInKit.framework/Versions/A/PlugInKit
0x0000000001cca000 	/System/Library/PrivateFrameworks/EAP8021X.framework/Versions/A/EAP8021X
0x0000000001cca000 	/System/Library/PrivateFrameworks/GeoServices.framework/Versions/A/GeoServices
0x0000000001cca000 	/System/Library/PrivateFrameworks/LocationSupport.framework/Versions/A/LocationSupport
0x0000000001cca000 	/System/Library/PrivateFrameworks/login.framework/Versions/A/login
0x0000000001cca000 	/System/Library/Frameworks/Quartz.framework/Versions/A/Quartz
0x0000000001cca000 	/System/Library/Frameworks/Quartz.framework/Versions/A/Frameworks/QuartzComposer.framework/Versions/A/QuartzComposer
0x0000000001cca000 	/System/Library/Frameworks/PDFKit.framework/Versions/A/PDFKit
0x0000000001cca000 	/System/Library/Frameworks/Quartz.framework/Versions/A/Frameworks/QuartzFilters.framework/Versions/A/QuartzFilters
0x0000000001cca000 	/System/Library/Frameworks/Quartz.framework/Versions/A/Frameworks/ImageKit.framework/Versions/A/ImageKit
0x0000000001cca000 	/System/Library/Frameworks/Quartz.framework/Versions/A/Frameworks/QuickLookUI.framework/Versions/A/QuickLookUI
0x0000000001cca000 	/System/Library/Frameworks/JavaScriptCore.framework/Versions/A/JavaScriptCore
0x0000000001cca000 	/System/Library/PrivateFrameworks/CorePDF.framework/Versions/A/CorePDF
0x0000000001cca000 	/System/Library/PrivateFrameworks/URLFormatting.framework/Versions/A/URLFormatting
0x0000000001cca000 	/System/Library/Frameworks/QuickLook.framework/Versions/A/QuickLook
0x0000000001cca000 	/System/Library/PrivateFrameworks/DisplayServices.framework/Versions/A/DisplayServices
0x0000000001cca000 	/System/Library/Frameworks/ImageCaptureCore.framework/Versions/A/ImageCaptureCore
0x0000000001cca000 	/System/Library/Frameworks/AVFoundation.framework/Versions/A/AVFoundation
0x0000000001cca000 	/System/Library/PrivateFrameworks/QuickLookSupport.framework/Versions/A/QuickLookSupport
0x0000000001cca000 	/System/Library/PrivateFrameworks/DiskManagement.framework/Versions/A/DiskManagement
0x0000000001cca000 	/System/Library/Frameworks/QuickLookThumbnailing.framework/Versions/A/QuickLookThumbnailing
0x0000000001cca000 	/System/Library/Frameworks/AVFoundation.framework/Versions/A/Frameworks/AVFAudio.framework/Versions/A/AVFAudio
0x0000000001cca000 	/System/Library/Frameworks/CoreMediaIO.framework/Versions/A/CoreMediaIO
0x0000000001cca000 	/usr/lib/libAudioStatistics.dylib
0x0000000001cca000 	/System/Library/PrivateFrameworks/perfdata.framework/Versions/A/perfdata
0x0000000001cca000 	/usr/lib/libperfcheck.dylib
0x0000000001cca000 	/usr/lib/libSMC.dylib
0x0000000001cca000 	/System/Library/PrivateFrameworks/MediaKit.framework/Versions/A/MediaKit
0x0000000001cca000 	/System/Library/Frameworks/DiscRecording.framework/Versions/A/DiscRecording
0x0000000001cca000 	/usr/lib/libCoreStorage.dylib
0x0000000001cca000 	/usr/lib/libcsfde.dylib
0x0000000001cca000 	/System/Library/PrivateFrameworks/EFILogin.framework/Versions/A/EFILogin
0x0000000001cca000 	/System/Library/PrivateFrameworks/CoreBrightness.framework/Versions/A/CoreBrightness
0x0000000001cca000 	/System/Library/PrivateFrameworks/HID.framework/Versions/A/HID
0x0000000001cca000 	/System/Library/Frameworks/SafariServices.framework/Versions/A/SafariServices
0x0000000001cca000 	/System/Library/PrivateFrameworks/QuickLookNonBaseSystem.framework/Versions/A/QuickLookNonBaseSystem
0x0000000001cca000 	/System/Library/PrivateFrameworks/MarkupUI.framework/Versions/A/MarkupUI
0x0000000001cca000 	/System/Library/PrivateFrameworks/SidecarCore.framework/Versions/A/SidecarCore
0x0000000001cca000 	/System/Library/PrivateFrameworks/AnnotationKit.framework/Versions/A/AnnotationKit
0x0000000001cca000 	/System/Library/Frameworks/PencilKit.framework/Versions/A/PencilKit
0x0000000001cca000 	/System/Library/PrivateFrameworks/SidecarUI.framework/Versions/A/SidecarUI
0x0000000001cca000 	/System/Library/PrivateFrameworks/CoreHandwriting.framework/Versions/A/CoreHandwriting
0x0000000001cca000 	/System/Library/Frameworks/MetalKit.framework/Versions/A/MetalKit
0x0000000001cca000 	/System/Library/PrivateFrameworks/Montreal.framework/Versions/A/Montreal
0x0000000001cca000 	/System/Library/Frameworks/CoreML.framework/Versions/A/CoreML
0x0000000001cca000 	/System/Library/PrivateFrameworks/DuetActivityScheduler.framework/Versions/A/DuetActivityScheduler
0x0000000001cca000 	/System/Library/PrivateFrameworks/Espresso.framework/Versions/A/Espresso
0x0000000001cca000 	/System/Library/PrivateFrameworks/CoreDuet.framework/Versions/A/CoreDuet
0x0000000001cca000 	/System/Library/PrivateFrameworks/CoreDuetContext.framework/Versions/A/CoreDuetContext
0x0000000001cca000 	/System/Library/Frameworks/CoreTelephony.framework/Versions/A/CoreTelephony
0x0000000001cca000 	/System/Library/PrivateFrameworks/CoreDuetDebugLogging.framework/Versions/A/CoreDuetDebugLogging
0x0000000001cca000 	/System/Library/Frameworks/Intents.framework/Versions/A/Intents
0x0000000001cca000 	/System/Library/PrivateFrameworks/CoreDuetDaemonProtocol.framework/Versions/A/CoreDuetDaemonProtocol
0x0000000001cca000 	/System/Library/PrivateFrameworks/Rapport.framework/Versions/A/Rapport
0x0000000001cca000 	/usr/lib/libTelephonyUtilDynamic.dylib
0x0000000001cca000 	/System/Library/PrivateFrameworks/IntentsFoundation.framework/Versions/A/IntentsFoundation
0x0000000001cca000 	/System/Library/Frameworks/Carbon.framework/Versions/A/Carbon
0x0000000001cca000 	/System/Library/Frameworks/Carbon.framework/Versions/A/Frameworks/CommonPanels.framework/Versions/A/CommonPanels
0x0000000001cca000 	/System/Library/Frameworks/Carbon.framework/Versions/A/Frameworks/Help.framework/Versions/A/Help
0x0000000001cca000 	/System/Library/Frameworks/Carbon.framework/Versions/A/Frameworks/ImageCapture.framework/Versions/A/ImageCapture
0x0000000001cca000 	/System/Library/Frameworks/Carbon.framework/Versions/A/Frameworks/OpenScripting.framework/Versions/A/OpenScripting
0x0000000001cca000 	/System/Library/Frameworks/Carbon.framework/Versions/A/Frameworks/Ink.framework/Versions/A/Ink
0x0000000001cca000 	/System/Library/Frameworks/Carbon.framework/Versions/A/Frameworks/Print.framework/Versions/A/Print
0x0000000001cca000 	/System/Library/Frameworks/Carbon.framework/Versions/A/Frameworks/SecurityHI.framework/Versions/A/SecurityHI
0x000000010f42d000 	/System/Library/Frameworks/FileProvider.framework/OverrideBundles/CloudDocsFileProvider.bundle/Contents/MacOS/CloudDocsFileProvider
0x0000000114bf8000 	/System/Library/Frameworks/FileProvider.framework/OverrideBundles/FileProviderOverride.bundle/Contents/MacOS/FileProviderOverride
0x0000000114fc6000 	/System/Library/Frameworks/FileProvider.framework/OverrideBundles/FinderSyncCollaborationFileProviderOverride.bundle/Contents/MacOS/FinderSyncCollaborationFileProviderOverride
0x0000000001cca000 	/System/Library/PrivateFrameworks/FinderSyncPriv.framework/Versions/A/FinderSyncPriv
0x0000000001cca000 	/System/Library/PrivateFrameworks/SystemAdministration.framework/Versions/A/SystemAdministration
0x0000000001cca000 	/System/Library/Frameworks/DirectoryService.framework/Versions/A/DirectoryService
0x0000000001cca000 	/System/Library/PrivateFrameworks/DiskImages.framework/Versions/A/DiskImages
0x0000000001cca000 	/System/Library/PrivateFrameworks/LoginUIKit.framework/Versions/A/Frameworks/LoginUICore.framework/Versions/A/LoginUICore
0x0000000001cca000 	/usr/lib/libodfde.dylib
0x0000000001cca000 	/usr/lib/libcurl.4.dylib
0x0000000001cca000 	/usr/lib/libcrypto.44.dylib
0x0000000001cca000 	/usr/lib/libssl.46.dylib
0x0000000001cca000 	/System/Library/Frameworks/LDAP.framework/Versions/A/LDAP
0x0000000001cca000 	/System/Library/PrivateFrameworks/TrustEvaluationAgent.framework/Versions/A/TrustEvaluationAgent
0x0000000001cca000 	/usr/lib/libsasl2.2.dylib
0x0000000001cca000 	/System/Library/PrivateFrameworks/Shortcut.framework/Versions/A/Shortcut
0x0000000001cca000 	/System/Library/PrivateFrameworks/HelpData.framework/Versions/A/HelpData
0x0000000114342000 	/Applications/Stata/utilities/java/macosx-x64/jre1.8.0_31/lib/jli/libjli.dylib
0x00000001189bb000 	/Applications/Stata/utilities/java/macosx-x64/jre1.8.0_31/lib/server/libjvm.dylib
0x0000000114787000 	/Applications/Stata/utilities/java/macosx-x64/jre1.8.0_31/lib/libverify.dylib
0x000000011502a000 	/Applications/Stata/utilities/java/macosx-x64/jre1.8.0_31/lib/libjava.dylib
0x0000000114315000 	/Applications/Stata/utilities/java/macosx-x64/jre1.8.0_31/lib/libzip.dylib
0x0000000001cca000 	/System/Library/Frameworks/JavaVM.framework/Versions/A/Frameworks/JavaRuntimeSupport.framework/Versions/A/JavaRuntimeSupport
0x0000000001cca000 	/System/Library/Frameworks/JavaVM.framework/Versions/A/Frameworks/JavaNativeFoundation.framework/Versions/A/JavaNativeFoundation
0x0000000001cca000 	/System/Library/Frameworks/JavaVM.framework/Versions/A/JavaVM
0x0000000001cca000 	/System/Library/PrivateFrameworks/JavaLaunching.framework/Versions/A/JavaLaunching
0x0000000001cca000 	/System/Library/PrivateFrameworks/DataDetectors.framework/Versions/A/DataDetectors
0x0000000001cca000 	/System/Library/PrivateFrameworks/Lookup.framework/Versions/A/Lookup
0x0000000001cca000 	/System/Library/PrivateFrameworks/AddressBookCore.framework/Versions/A/AddressBookCore
0x0000000001cca000 	/System/Library/PrivateFrameworks/PhoneNumbers.framework/Versions/A/PhoneNumbers
0x0000000001cca000 	/System/Library/PrivateFrameworks/IDS.framework/Versions/A/IDS
0x0000000001cca000 	/System/Library/Frameworks/WebKit.framework/Versions/A/WebKit
0x0000000001cca000 	/System/Library/Frameworks/NaturalLanguage.framework/Versions/A/NaturalLanguage
0x0000000001cca000 	/System/Library/Frameworks/WebKit.framework/Versions/A/Frameworks/WebKitLegacy.framework/Versions/A/WebKitLegacy
0x0000000001cca000 	/System/Library/Frameworks/WebKit.framework/Versions/A/Frameworks/WebCore.framework/Versions/A/WebCore
0x0000000001cca000 	/usr/lib/libAccessibility.dylib
0x0000000001cca000 	/System/Library/PrivateFrameworks/CorePrediction.framework/Versions/A/CorePrediction
0x0000000001cca000 	/System/Library/PrivateFrameworks/DeviceIdentity.framework/Versions/A/DeviceIdentity
0x0000000001cca000 	/System/Library/Frameworks/WebKit.framework/Versions/A/Frameworks/WebCore.framework/Versions/A/Frameworks/libwebrtc.dylib
0x0000000001cca000 	/System/Library/PrivateFrameworks/SafariSafeBrowsing.framework/Versions/A/SafariSafeBrowsing
0x0000000001cca000 	/System/Library/Frameworks/SecurityInterface.framework/Versions/A/SecurityInterface
0x0000000001cca000 	/System/Library/PrivateFrameworks/WebInspectorUI.framework/Versions/A/WebInspectorUI
0x0000000001cca000 	/System/Library/PrivateFrameworks/AXCoreUtilities.framework/Versions/A/AXCoreUtilities
0x0000000001cca000 	/System/Library/PrivateFrameworks/GraphicsServices.framework/Versions/A/GraphicsServices
0x0000000001cca000 	/System/Library/PrivateFrameworks/CoreOptimization.framework/Versions/A/CoreOptimization
0x0000000001cca000 	/System/Library/PrivateFrameworks/RemoteServiceDiscovery.framework/Versions/A/RemoteServiceDiscovery
0x0000000001cca000 	/System/Library/PrivateFrameworks/RemoteXPC.framework/Versions/A/RemoteXPC
0x0000000001cca000 	/System/Library/PrivateFrameworks/WirelessDiagnostics.framework/Versions/A/WirelessDiagnostics
0x0000000001cca000 	/System/Library/PrivateFrameworks/WirelessDiagnostics.framework/Versions/A/Libraries/libAWDSupportFramework.dylib
0x0000000001cca000 	/System/Library/PrivateFrameworks/WirelessDiagnostics.framework/Versions/A/Libraries/libAWDSupport.dylib
0x0000000001cca000 	/System/Library/PrivateFrameworks/WirelessDiagnostics.framework/Versions/A/Libraries/libprotobuf-lite.dylib
0x0000000001cca000 	/System/Library/PrivateFrameworks/WirelessDiagnostics.framework/Versions/A/Libraries/libprotobuf.dylib
0x0000000001cca000 	/System/Library/PrivateFrameworks/ContactsPersistence.framework/Versions/A/ContactsPersistence
0x0000000001cca000 	/System/Library/PrivateFrameworks/CalendarAgentLink.framework/Versions/A/CalendarAgentLink
0x0000000001cca000 	/System/Library/Frameworks/Contacts.framework/Versions/A/Contacts
0x0000000001cca000 	/System/Library/PrivateFrameworks/ContactsFoundation.framework/Versions/A/ContactsFoundation
0x0000000001cca000 	/System/Library/PrivateFrameworks/vCard.framework/Versions/A/vCard
0x0000000001cca000 	/System/Library/PrivateFrameworks/AppleLDAP.framework/Versions/A/AppleLDAP
0x0000000001cca000 	/System/Library/PrivateFrameworks/ClassKit.framework/Versions/A/ClassKit
0x0000000001cca000 	/System/Library/PrivateFrameworks/CoreSuggestions.framework/Versions/A/CoreSuggestions
0x0000000001cca000 	/System/Library/PrivateFrameworks/AppleAccount.framework/Versions/A/AppleAccount
0x0000000001cca000 	/System/Library/PrivateFrameworks/AppSupport.framework/Versions/A/AppSupport
0x0000000001cca000 	/System/Library/PrivateFrameworks/AppleIDSSOAuthentication.framework/Versions/A/AppleIDSSOAuthentication
0x0000000001cca000 	/System/Library/PrivateFrameworks/AccountsDaemon.framework/Versions/A/AccountsDaemon
0x0000000001cca000 	/System/Library/PrivateFrameworks/OAuth.framework/Versions/A/OAuth
0x0000000001cca000 	/System/Library/PrivateFrameworks/IMFoundation.framework/Versions/A/IMFoundation
0x0000000001cca000 	/System/Library/PrivateFrameworks/Marco.framework/Versions/A/Marco
0x0000000001cca000 	/System/Library/PrivateFrameworks/IDSFoundation.framework/Versions/A/IDSFoundation
0x0000000001cca000 	/System/Library/PrivateFrameworks/Engram.framework/Versions/A/Engram
0x0000000001cca000 	/usr/lib/libtidy.A.dylib
0x0000000001cca000 	/System/Library/Frameworks/CoreSpotlight.framework/Versions/A/CoreSpotlight
0x0000000001cca000 	/System/Library/PrivateFrameworks/ProactiveEventTracker.framework/Versions/A/ProactiveEventTracker
0x0000000001cca000 	/System/Library/PrivateFrameworks/ProactiveSupport.framework/Versions/A/ProactiveSupport
0x0000000001cca000 	/System/Library/PrivateFrameworks/DataDetectorsNaturalLanguage.framework/Versions/A/DataDetectorsNaturalLanguage
0x0000000001cca000 	/System/Library/PrivateFrameworks/InternationalTextSearch.framework/Versions/A/InternationalTextSearch
0x0000000001cca000 	/System/Library/Frameworks/EventKit.framework/Versions/A/EventKit
0x0000000001cca000 	/System/Library/PrivateFrameworks/ResponseKit.framework/Versions/A/ResponseKit
0x0000000001cca000 	/System/Library/PrivateFrameworks/CalDAV.framework/Versions/A/CalDAV
0x0000000001cca000 	/System/Library/PrivateFrameworks/CalendarFoundation.framework/Versions/A/CalendarFoundation
0x0000000001cca000 	/System/Library/PrivateFrameworks/CalendarPersistence.framework/Versions/A/CalendarPersistence
0x0000000001cca000 	/System/Library/PrivateFrameworks/ExchangeWebServices.framework/Versions/A/ExchangeWebServices
0x0000000001cca000 	/System/Library/PrivateFrameworks/iCalendar.framework/Versions/A/iCalendar
0x0000000001cca000 	/System/Library/PrivateFrameworks/CoreDAV.framework/Versions/A/CoreDAV
0x0000000001cca000 	/System/Library/PrivateFrameworks/PersonaKit.framework/Versions/A/PersonaKit
0x0000000001cca000 	/System/Library/PrivateFrameworks/ContactsAutocomplete.framework/Versions/A/ContactsAutocomplete
0x0000000001cca000 	/System/Library/PrivateFrameworks/CoreRecents.framework/Versions/A/CoreRecents
0x0000000001cca000 	/System/Library/PrivateFrameworks/KerberosHelper.framework/Versions/A/KerberosHelper
0x0000000001cca000 	/System/Library/PrivateFrameworks/NLP.framework/Versions/A/NLP

VM Arguments:
jvm_args: -Xms16M -Xmx384M -Xss2M -XX:+UseParNewGC -XX:+UseConcMarkSweepGC -XX:MinHeapFreeRatio=40 -XX:MaxHeapFreeRatio=70 -XX:ErrorFile=/dev/null 
java_command: <unknown>
java_class_path (initial): /Applications/Stata/ado/base/:/Applications/Stata/ado/base/jar/:/Applications/Stata/ado/base/jar/libstata-core.jar:/Applications/Stata/ado/base/jar/stata-sfi.jar:/Applications/Stata/ado/base/jar/libdeps-core.jar:./:/Users/zack/Library/Application Support/Stata/ado/plus/:
Launcher Type: generic

Environment Variables:
PATH=/usr/bin:/bin:/usr/sbin:/sbin
SHELL=/bin/bash

Signal Handlers:
SIGSEGV: [libjvm.dylib+0x57a0e7], sa_mask[0]=11111111011111110111111111111111, sa_flags=SA_ONSTACK|SA_RESTART|SA_SIGINFO
SIGBUS: [libjvm.dylib+0x57a0e7], sa_mask[0]=11111111011111110111111111111111, sa_flags=SA_RESTART|SA_SIGINFO
SIGFPE: [libjvm.dylib+0x45af24], sa_mask[0]=11111111011111110111111111111111, sa_flags=SA_RESTART|SA_SIGINFO
SIGPIPE: [libjvm.dylib+0x45af24], sa_mask[0]=11111111011111110111111111111111, sa_flags=SA_RESTART|SA_SIGINFO
SIGXFSZ: [libjvm.dylib+0x45af24], sa_mask[0]=11111111011111110111111111111111, sa_flags=SA_RESTART|SA_SIGINFO
SIGILL: [libjvm.dylib+0x45af24], sa_mask[0]=11111111011111110111111111111111, sa_flags=SA_RESTART|SA_SIGINFO
SIGUSR1: SIG_DFL, sa_mask[0]=00000000000000000000000000000000, sa_flags=none
SIGUSR2: [libjvm.dylib+0x45aa42], sa_mask[0]=00000000000000000000000000000000, sa_flags=SA_RESTART|SA_SIGINFO
SIGHUP: [libjvm.dylib+0x459015], sa_mask[0]=11111111011111110111111111111111, sa_flags=SA_RESTART|SA_SIGINFO
SIGINT: [libjvm.dylib+0x459015], sa_mask[0]=11111111011111110111111111111111, sa_flags=SA_RESTART|SA_SIGINFO
SIGTERM: [libjvm.dylib+0x459015], sa_mask[0]=11111111011111110111111111111111, sa_flags=SA_RESTART|SA_SIGINFO
SIGQUIT: [libjvm.dylib+0x459015], sa_mask[0]=11111111011111110111111111111111, sa_flags=SA_RESTART|SA_SIGINFO


---------------  S Y S T E M  ---------------

OS:Bsduname:Darwin 19.3.0 Darwin Kernel Version 19.3.0: Thu Jan  9 20:58:23 PST 2020; root:xnu-6153.81.5~1/RELEASE_X86_64 x86_64
rlimit: STACK 8192k, CORE 0k, NPROC 1392, NOFILE 10240, AS infinity
load average:2.40 2.25 1.96

CPU:total 4 (2 cores per cpu, 2 threads per core) family 6 model 142 stepping 9, cmov, cx8, fxsr, mmx, sse, sse2, sse3, ssse3, sse4.1, sse4.2, popcnt, avx, avx2, aes, clmul, erms, lzcnt, ht, tsc, tscinvbit, bmi1, bmi2

Memory: 4k page, physical 8388608k(59436k free)

/proc/meminfo:


vm_info: Java HotSpot(TM) 64-Bit Server VM (25.31-b07) for bsd-amd64 JRE (1.8.0_31-b13), built on Dec 17 2014 20:45:36 by "java_re" with gcc 4.2.1 (Based on Apple Inc. build 5658) (LLVM build 2336.11.00)

time: Thu Apr  9 18:46:12 2020
elapsed time: 1243 seconds (0d 0h 20m 43s)

